<?xml version="1.0" encoding="UTF-8"?>
<!-- Generated by org.testng.reporters.JUnitReportReporter -->
<testsuite skipped="0" hostname="DESKTOP-S8A3V6O" name="SignInTest" tests="1" failures="0" timestamp="2022-01-31T22:26:44 MSK" time="3.974" errors="0">
  <testcase name="testSignIn" time="3.974" classname="SignInTest"/>
  <system-out/>
</testsuite> <!-- SignInTest -->
